빌드 시작: 2018-10-23 오후 10:19:45
     1>2 노드의 "C:\Users\Ji Si On\documents\visual studio 2012\Projects\Russian_Roulette\Russian_Roulette\Russian_Roulette.vcxproj" 프로젝트(Build 대상)입니다.
     1>ClCompile:
         C:\Program Files (x86)\Microsoft Visual Studio 11.0\VC\bin\CL.exe /c /ZI /nologo /W3 /WX- /Od /Oy- /D WIN32 /D _DEBUG /D _CONSOLE /D _UNICODE /D UNICODE /Gm /EHsc /RTC1 /MDd /GS /fp:precise /Zc:wchar_t /Zc:forScope /Fo"Debug\\" /Fd"Debug\vc110.pdb" /Gd /TC /analyze- /errorReport:prompt main.c
         main.c
     1>c:\users\ji si on\documents\visual studio 2012\projects\russian_roulette\russian_roulette\main.c(37): warning C4996: 'strcpy': This function or variable may be unsafe. Consider using strcpy_s instead. To disable deprecation, use _CRT_SECURE_NO_WARNINGS. See online help for details.
                 c:\program files (x86)\microsoft visual studio 11.0\vc\include\string.h(110) : 'strcpy' 선언을 참조하십시오.
     1>c:\users\ji si on\documents\visual studio 2012\projects\russian_roulette\russian_roulette\main.c(57): warning C4996: 'fopen': This function or variable may be unsafe. Consider using fopen_s instead. To disable deprecation, use _CRT_SECURE_NO_WARNINGS. See online help for details.
                 c:\program files (x86)\microsoft visual studio 11.0\vc\include\stdio.h(218) : 'fopen' 선언을 참조하십시오.
     1>c:\users\ji si on\documents\visual studio 2012\projects\russian_roulette\russian_roulette\main.c(76): warning C4996: 'strcpy': This function or variable may be unsafe. Consider using strcpy_s instead. To disable deprecation, use _CRT_SECURE_NO_WARNINGS. See online help for details.
                 c:\program files (x86)\microsoft visual studio 11.0\vc\include\string.h(110) : 'strcpy' 선언을 참조하십시오.
     1>c:\users\ji si on\documents\visual studio 2012\projects\russian_roulette\russian_roulette\main.c(97): warning C4244: '함수' : 'time_t'에서 'unsigned int'(으)로 변환하면서 데이터가 손실될 수 있습니다.
     1>c:\users\ji si on\documents\visual studio 2012\projects\russian_roulette\russian_roulette\main.c(103): warning C4996: 'strcpy': This function or variable may be unsafe. Consider using strcpy_s instead. To disable deprecation, use _CRT_SECURE_NO_WARNINGS. See online help for details.
                 c:\program files (x86)\microsoft visual studio 11.0\vc\include\string.h(110) : 'strcpy' 선언을 참조하십시오.
       Link:
         C:\Program Files (x86)\Microsoft Visual Studio 11.0\VC\bin\link.exe /ERRORREPORT:PROMPT /OUT:"C:\Users\Ji Si On\documents\visual studio 2012\Projects\Russian_Roulette\Debug\Russian_Roulette.exe" /INCREMENTAL /NOLOGO kernel32.lib user32.lib gdi32.lib winspool.lib comdlg32.lib advapi32.lib shell32.lib ole32.lib oleaut32.lib uuid.lib odbc32.lib odbccp32.lib /MANIFEST /MANIFESTUAC:"level='asInvoker' uiAccess='false'" /manifest:embed /DEBUG /PDB:"C:\Users\Ji Si On\documents\visual studio 2012\Projects\Russian_Roulette\Debug\Russian_Roulette.pdb" /SUBSYSTEM:CONSOLE /TLBID:1 /DYNAMICBASE /NXCOMPAT /IMPLIB:"C:\Users\Ji Si On\documents\visual studio 2012\Projects\Russian_Roulette\Debug\Russian_Roulette.lib" /MACHINE:X86 Debug\main.obj
         Russian_Roulette.vcxproj -> C:\Users\Ji Si On\documents\visual studio 2012\Projects\Russian_Roulette\Debug\Russian_Roulette.exe
     1>"C:\Users\Ji Si On\documents\visual studio 2012\Projects\Russian_Roulette\Russian_Roulette\Russian_Roulette.vcxproj" 프로젝트를 빌드했습니다(Build 대상).

빌드했습니다.

경과 시간: 00:00:01.64
