C:\USERS\JI SI ON\DOCUMENTS\VISUAL STUDIO 2012\PROJECTS\RUSSIAN_ROULETTE\RUSSIAN_ROULETTE\DEBUG\MAIN.OBJ
C:\USERS\JI SI ON\DOCUMENTS\VISUAL STUDIO 2012\PROJECTS\RUSSIAN_ROULETTE\RUSSIAN_ROULETTE\DEBUG\VC110.PDB
C:\USERS\JI SI ON\DOCUMENTS\VISUAL STUDIO 2012\PROJECTS\RUSSIAN_ROULETTE\DEBUG\RUSSIAN_ROULETTE.ILK
C:\USERS\JI SI ON\DOCUMENTS\VISUAL STUDIO 2012\PROJECTS\RUSSIAN_ROULETTE\DEBUG\RUSSIAN_ROULETTE.EXE
C:\USERS\JI SI ON\DOCUMENTS\VISUAL STUDIO 2012\PROJECTS\RUSSIAN_ROULETTE\DEBUG\RUSSIAN_ROULETTE.PDB
C:\Users\Ji Si On\documents\visual studio 2012\Projects\Russian_Roulette\Russian_Roulette\Debug\main.obj
C:\Users\Ji Si On\documents\visual studio 2012\Projects\Russian_Roulette\Russian_Roulette\Debug\cl.command.1.tlog
C:\Users\Ji Si On\documents\visual studio 2012\Projects\Russian_Roulette\Russian_Roulette\Debug\CL.read.1.tlog
C:\Users\Ji Si On\documents\visual studio 2012\Projects\Russian_Roulette\Russian_Roulette\Debug\CL.write.1.tlog
C:\Users\Ji Si On\documents\visual studio 2012\Projects\Russian_Roulette\Russian_Roulette\Debug\link-cvtres.read.1.tlog
C:\Users\Ji Si On\documents\visual studio 2012\Projects\Russian_Roulette\Russian_Roulette\Debug\link-cvtres.write.1.tlog
C:\Users\Ji Si On\documents\visual studio 2012\Projects\Russian_Roulette\Russian_Roulette\Debug\link-rc.read.1.tlog
C:\Users\Ji Si On\documents\visual studio 2012\Projects\Russian_Roulette\Russian_Roulette\Debug\link-rc.write.1.tlog
C:\Users\Ji Si On\documents\visual studio 2012\Projects\Russian_Roulette\Russian_Roulette\Debug\link.2124-cvtres.read.1.tlog
C:\Users\Ji Si On\documents\visual studio 2012\Projects\Russian_Roulette\Russian_Roulette\Debug\link.2124-cvtres.write.1.tlog
C:\Users\Ji Si On\documents\visual studio 2012\Projects\Russian_Roulette\Russian_Roulette\Debug\link.2124-rc.read.1.tlog
C:\Users\Ji Si On\documents\visual studio 2012\Projects\Russian_Roulette\Russian_Roulette\Debug\link.2124-rc.write.1.tlog
C:\Users\Ji Si On\documents\visual studio 2012\Projects\Russian_Roulette\Russian_Roulette\Debug\link.2124.read.1.tlog
C:\Users\Ji Si On\documents\visual studio 2012\Projects\Russian_Roulette\Russian_Roulette\Debug\link.2124.write.1.tlog
C:\Users\Ji Si On\documents\visual studio 2012\Projects\Russian_Roulette\Russian_Roulette\Debug\link.command.1.tlog
C:\Users\Ji Si On\documents\visual studio 2012\Projects\Russian_Roulette\Russian_Roulette\Debug\link.read.1.tlog
C:\Users\Ji Si On\documents\visual studio 2012\Projects\Russian_Roulette\Russian_Roulette\Debug\link.write.1.tlog
C:\Users\Ji Si On\documents\visual studio 2012\Projects\Russian_Roulette\Russian_Roulette\Debug\vc110.idb
C:\Users\Ji Si On\documents\visual studio 2012\Projects\Russian_Roulette\Russian_Roulette\Debug\vc110.pdb
C:\Users\Ji Si On\documents\visual studio 2012\Projects\Russian_Roulette\Debug\Russian_Roulette.pdb
C:\Users\Ji Si On\documents\visual studio 2012\Projects\Russian_Roulette\Debug\Russian_Roulette.exe
C:\Users\Ji Si On\documents\visual studio 2012\Projects\Russian_Roulette\Debug\Russian_Roulette.ilk
